[  0%] Built target uuid_msgs_generate_messages_eus
[  0%] Built target geographic_msgs_generate_messages_eus
[  0%] Built target diagnostic_msgs_generate_messages_py
[  0%] Built target actionlib_msgs_generate_messages_py
[  0%] Built target visualization_msgs_generate_messages_py
[  0%] Built target rosgraph_msgs_generate_messages_lisp
[  0%] Built target visualization_msgs_generate_messages_nodejs
[  0%] Built target rosgraph_msgs_generate_messages_eus
[  0%] Built target geographic_msgs_generate_messages_lisp
[  0%] Built target rosgraph_msgs_generate_messages_nodejs
[  7%] Built target visualization
[  7%] Built target diagnostic_msgs_generate_messages_nodejs
[  7%] Built target geometry_msgs_generate_messages_eus
[  7%] Built target geographic_msgs_generate_messages_cpp
[  7%] Built target geometry_msgs_generate_messages_lisp
[  7%] Built target diagnostic_msgs_generate_messages_lisp
[  7%] Built target mavros_msgs_generate_messages_nodejs
[  7%] Built target rosgraph_msgs_generate_messages_cpp
[  7%] Built target roscpp_generate_messages_lisp
[  7%] Built target geographic_msgs_generate_messages_nodejs
[  7%] Built target uuid_msgs_generate_messages_lisp
[  7%] Built target std_msgs_generate_messages_cpp
[  7%] Built target diagnostic_msgs_generate_messages_cpp
[  7%] Built target nav_msgs_generate_messages_py
[  7%] Built target actionlib_generate_messages_eus
[  7%] Built target tf2_msgs_generate_messages_cpp
[  7%] Built target geometry_msgs_generate_messages_cpp
[  7%] Built target tf2_msgs_generate_messages_lisp
[  7%] Built target actionlib_generate_messages_py
[  7%] Built target actionlib_generate_messages_lisp
[  7%] Built target actionlib_msgs_generate_messages_nodejs
[  7%] Built target tf2_msgs_generate_messages_py
[  7%] Built target tf2_msgs_generate_messages_nodejs
[  7%] Built target tf_generate_messages_eus
[  7%] Built target tf_generate_messages_cpp
[  7%] Built target actionlib_generate_messages_nodejs
[  7%] Built target actionlib_msgs_generate_messages_cpp
[  7%] Built target tf_generate_messages_nodejs
[  7%] Built target tf_generate_messages_lisp
[  7%] Built target tf2_msgs_generate_messages_eus
[  7%] Built target nav_msgs_generate_messages_eus
[  7%] Built target visualization_msgs_generate_messages_eus
[  7%] Built target nav_msgs_generate_messages_nodejs
[  7%] Built target visualization_msgs_generate_messages_cpp
[  7%] Built target visualization_msgs_generate_messages_lisp
[  7%] Built target roscpp_generate_messages_py
[  7%] Built target std_msgs_generate_messages_eus
[  7%] Built target geographic_msgs_generate_messages_py
[  7%] Built target actionlib_generate_messages_cpp
[  7%] Built target roscpp_generate_messages_cpp
[  7%] Built target geometry_msgs_generate_messages_nodejs
[  7%] Built target sensor_msgs_generate_messages_nodejs
[  7%] Built target geometry_msgs_generate_messages_py
[  7%] Built target roscpp_generate_messages_nodejs
[  7%] Built target std_msgs_generate_messages_lisp
[  7%] Built target uuid_msgs_generate_messages_cpp
[  7%] Built target std_msgs_generate_messages_nodejs
[  7%] Built target diagnostic_msgs_generate_messages_eus
[  7%] Built target actionlib_msgs_generate_messages_lisp
[  7%] Built target std_msgs_generate_messages_py
[  7%] Built target mavros_msgs_generate_messages_cpp
[  7%] Built target uuid_msgs_generate_messages_py
[  7%] Built target uuid_msgs_generate_messages_nodejs
[  7%] Built target mavros_msgs_generate_messages_eus
[  7%] Built target nav_msgs_generate_messages_cpp
[  7%] Built target sensor_msgs_generate_messages_lisp
[  7%] Built target mavros_msgs_generate_messages_py
[  7%] Built target mavros_msgs_generate_messages_lisp
[  7%] Built target sensor_msgs_generate_messages_cpp
[  7%] Built target roscpp_generate_messages_eus
[  7%] Built target tf_generate_messages_py
[  7%] Built target sensor_msgs_generate_messages_eus
[  7%] Built target sensor_msgs_generate_messages_py
[  7%] Built target nav_msgs_generate_messages_lisp
[  7%] Built target rosgraph_msgs_generate_messages_py
[  7%] Built target actionlib_msgs_generate_messages_eus
[ 15%] Built target servo_state_publisher
[ 19%] [32mBuilding CXX object CMakeFiles/mavros_extras.dir/src/plugins/landing_target.cpp.o[0m
[ 23%] [32mBuilding CXX object CMakeFiles/mavros_extras.dir/src/plugins/mocap_pose_estimate.cpp.o[0m
[ 26%] [32mBuilding CXX object CMakeFiles/mavros_extras.dir/src/plugins/obstacle_distance.cpp.o[0m
[ 30%] [32mBuilding CXX object CMakeFiles/mavros_extras.dir/src/plugins/odom.cpp.o[0m
[ 34%] [32mBuilding CXX object CMakeFiles/mavros_extras.dir/src/plugins/rangefinder.cpp.o[0m
[ 38%] [32mBuilding CXX object CMakeFiles/mavros_extras.dir/src/plugins/px4flow.cpp.o[0m
[ 42%] [32mBuilding CXX object CMakeFiles/mavros_extras.dir/src/plugins/vision_pose_estimate.cpp.o[0m
[ 46%] [32mBuilding CXX object CMakeFiles/mavros_extras.dir/src/plugins/vibration.cpp.o[0m
[ 50%] [32mBuilding CXX object CMakeFiles/mavros_extras.dir/src/plugins/trajectory.cpp.o[0m
[ 53%] [32mBuilding CXX object CMakeFiles/mavros_extras.dir/src/plugins/vision_speed_estimate.cpp.o[0m
[ 57%] [32mBuilding CXX object CMakeFiles/mavros_extras.dir/src/plugins/wheel_odometry.cpp.o[0m
[ 61%] [32mBuilding CXX object CMakeFiles/mavros_extras.dir/src/plugins/mount_control.cpp.o[0m
[ 65%] [32m[1mLinking CXX shared library /home/sharad/catkin_ws/devel/.private/mavros_extras/lib/libmavros_extras.so[0m
[100%] Built target mavros_extras
